<?xml version="1.0" encoding="UTF-8"?>
<!-- Generated by org.testng.reporters.JUnitReportReporter -->
<testsuite skipped="1" hostname="Sunny-PC" name="MavenAmazonProject.MavenAmazonProject.AmazonTest" tests="2" failures="0" timestamp="27 Aug 2019 15:42:35 GMT" time="46.370" errors="0">
  <testcase name="selectOneProductAndAddToCart" time="46.370" classname="MavenAmazonProject.MavenAmazonProject.AmazonTest"/>
  <testcase name="searchProductAndSort" classname="MavenAmazonProject.MavenAmazonProject.AmazonTest">
    <skipped/>
  </testcase> <!-- searchProductAndSort -->
</testsuite> <!-- MavenAmazonProject.MavenAmazonProject.AmazonTest -->
